INFO - 2024-01-17 15:17:39 --> Session: Class initialized using 'CodeIgniter\Session\Handlers\FileHandler' driver.
INFO - 2024-01-17 15:17:39 --> Session: Class initialized using 'CodeIgniter\Session\Handlers\FileHandler' driver.
INFO - 2024-01-17 15:17:47 --> Session: Class initialized using 'CodeIgniter\Session\Handlers\FileHandler' driver.
INFO - 2024-01-17 15:17:48 --> Session: Class initialized using 'CodeIgniter\Session\Handlers\FileHandler' driver.
INFO - 2024-01-17 15:18:09 --> Session: Class initialized using 'CodeIgniter\Session\Handlers\FileHandler' driver.
INFO - 2024-01-17 15:18:19 --> Session: Class initialized using 'CodeIgniter\Session\Handlers\FileHandler' driver.
INFO - 2024-01-17 15:18:21 --> Session: Class initialized using 'CodeIgniter\Session\Handlers\FileHandler' driver.
CRITICAL - 2024-01-17 15:18:21 --> Undefined array key "umur"
in APPPATH\Views\datasiswa.php on line 201.
 1 APPPATH\Views\datasiswa.php(201): CodeIgniter\Debug\Exceptions->errorHandler(2, 'Undefined array key "umur"', 'C:\\Users\\DELL\\Documents\\rosyad\\project\\joki\\agung\\bordeesar\\app\\Views\\datasiswa.php', 201)
 2 SYSTEMPATH\View\View.php(226): include('C:\\Users\\DELL\\Documents\\rosyad\\project\\joki\\agung\\bordeesar\\app\\Views\\datasiswa.php')
 3 SYSTEMPATH\View\View.php(229): CodeIgniter\View\View->CodeIgniter\View\{closure}()
 4 SYSTEMPATH\Common.php(1178): CodeIgniter\View\View->render('datasiswa', [], true)
 5 APPPATH\Controllers\Home.php(95): view('datasiswa', [...])
 6 SYSTEMPATH\CodeIgniter.php(915): App\Controllers\Home->datasiswa()
 7 SYSTEMPATH\CodeIgniter.php(492): CodeIgniter\CodeIgniter->runController(Object(App\Controllers\Home))
 8 SYSTEMPATH\CodeIgniter.php(353): CodeIgniter\CodeIgniter->handleRequest(null, Object(Config\Cache), false)
 9 FCPATH\index.php(79): CodeIgniter\CodeIgniter->run()
10 SYSTEMPATH\Commands\Server\rewrite.php(47): require_once('C:\\Users\\DELL\\Documents\\rosyad\\project\\joki\\agung\\bordeesar\\public\\index.php')
INFO - 2024-01-17 15:18:28 --> Session: Class initialized using 'CodeIgniter\Session\Handlers\FileHandler' driver.
INFO - 2024-01-17 15:18:34 --> Session: Class initialized using 'CodeIgniter\Session\Handlers\FileHandler' driver.
INFO - 2024-01-17 15:19:49 --> Session: Class initialized using 'CodeIgniter\Session\Handlers\FileHandler' driver.
INFO - 2024-01-17 15:20:22 --> Session: Class initialized using 'CodeIgniter\Session\Handlers\FileHandler' driver.
INFO - 2024-01-17 15:20:53 --> Session: Class initialized using 'CodeIgniter\Session\Handlers\FileHandler' driver.
ERROR - 2024-01-17 15:20:54 --> mysqli_sql_exception: Cannot truncate a table referenced in a foreign key constraint (`penerimaan`.`atribut_kriteria`, CONSTRAINT `atribut_kriteria_ibfk_2` FOREIGN KEY (`siswa_id`) REFERENCES `penerimaan`.`siswa` (`id`)) in C:\Users\DELL\Documents\rosyad\project\joki\agung\bordeesar\system\Database\MySQLi\Connection.php:306
Stack trace:
#0 C:\Users\DELL\Documents\rosyad\project\joki\agung\bordeesar\system\Database\MySQLi\Connection.php(306): mysqli->query('TRUNCATE `siswa...', 0)
#1 C:\Users\DELL\Documents\rosyad\project\joki\agung\bordeesar\system\Database\BaseConnection.php(692): CodeIgniter\Database\MySQLi\Connection->execute('TRUNCATE `siswa...')
#2 C:\Users\DELL\Documents\rosyad\project\joki\agung\bordeesar\system\Database\BaseConnection.php(606): CodeIgniter\Database\BaseConnection->simpleQuery('TRUNCATE `siswa...')
#3 C:\Users\DELL\Documents\rosyad\project\joki\agung\bordeesar\system\Database\BaseBuilder.php(2721): CodeIgniter\Database\BaseConnection->query('TRUNCATE `siswa...', NULL, false)
#4 C:\Users\DELL\Documents\rosyad\project\joki\agung\bordeesar\system\Model.php(871): CodeIgniter\Database\BaseBuilder->truncate()
#5 C:\Users\DELL\Documents\rosyad\project\joki\agung\bordeesar\app\Controllers\Home.php(374): CodeIgniter\Model->__call('truncate', Array)
#6 C:\Users\DELL\Documents\rosyad\project\joki\agung\bordeesar\system\CodeIgniter.php(915): App\Controllers\Home->clearData()
#7 C:\Users\DELL\Documents\rosyad\project\joki\agung\bordeesar\system\CodeIgniter.php(492): CodeIgniter\CodeIgniter->runController(Object(App\Controllers\Home))
#8 C:\Users\DELL\Documents\rosyad\project\joki\agung\bordeesar\system\CodeIgniter.php(353): CodeIgniter\CodeIgniter->handleRequest(NULL, Object(Config\Cache), false)
#9 C:\Users\DELL\Documents\rosyad\project\joki\agung\bordeesar\public\index.php(79): CodeIgniter\CodeIgniter->run()
#10 C:\Users\DELL\Documents\rosyad\project\joki\agung\bordeesar\system\Commands\Server\rewrite.php(47): require_once('C:\\Users\\DELL\\D...')
#11 {main}
CRITICAL - 2024-01-17 15:20:54 --> Cannot truncate a table referenced in a foreign key constraint (`penerimaan`.`atribut_kriteria`, CONSTRAINT `atribut_kriteria_ibfk_2` FOREIGN KEY (`siswa_id`) REFERENCES `penerimaan`.`siswa` (`id`))
in SYSTEMPATH\Database\BaseConnection.php on line 646.
 1 SYSTEMPATH\Database\BaseBuilder.php(2721): CodeIgniter\Database\BaseConnection->query('TRUNCATE `siswa`', null, false)
 2 SYSTEMPATH\Model.php(871): CodeIgniter\Database\BaseBuilder->truncate()
 3 APPPATH\Controllers\Home.php(374): CodeIgniter\Model->__call('truncate', [])
 4 SYSTEMPATH\CodeIgniter.php(915): App\Controllers\Home->clearData()
 5 SYSTEMPATH\CodeIgniter.php(492): CodeIgniter\CodeIgniter->runController(Object(App\Controllers\Home))
 6 SYSTEMPATH\CodeIgniter.php(353): CodeIgniter\CodeIgniter->handleRequest(null, Object(Config\Cache), false)
 7 FCPATH\index.php(79): CodeIgniter\CodeIgniter->run()
 8 SYSTEMPATH\Commands\Server\rewrite.php(47): require_once('C:\\Users\\DELL\\Documents\\rosyad\\project\\joki\\agung\\bordeesar\\public\\index.php')
INFO - 2024-01-17 15:20:57 --> Session: Class initialized using 'CodeIgniter\Session\Handlers\FileHandler' driver.
INFO - 2024-01-17 15:20:59 --> Session: Class initialized using 'CodeIgniter\Session\Handlers\FileHandler' driver.
INFO - 2024-01-17 15:21:00 --> Session: Class initialized using 'CodeIgniter\Session\Handlers\FileHandler' driver.
INFO - 2024-01-17 15:21:02 --> Session: Class initialized using 'CodeIgniter\Session\Handlers\FileHandler' driver.
INFO - 2024-01-17 15:31:45 --> Session: Class initialized using 'CodeIgniter\Session\Handlers\FileHandler' driver.
INFO - 2024-01-17 15:32:07 --> Session: Class initialized using 'CodeIgniter\Session\Handlers\FileHandler' driver.
INFO - 2024-01-17 15:32:11 --> Session: Class initialized using 'CodeIgniter\Session\Handlers\FileHandler' driver.
ERROR - 2024-01-17 15:32:11 --> mysqli_sql_exception: Cannot truncate a table referenced in a foreign key constraint (`penerimaan`.`atribut_kriteria`, CONSTRAINT `atribut_kriteria_ibfk_2` FOREIGN KEY (`siswa_id`) REFERENCES `penerimaan`.`siswa` (`id`)) in C:\Users\DELL\Documents\rosyad\project\joki\agung\bordeesar\system\Database\MySQLi\Connection.php:306
Stack trace:
#0 C:\Users\DELL\Documents\rosyad\project\joki\agung\bordeesar\system\Database\MySQLi\Connection.php(306): mysqli->query('TRUNCATE `siswa...', 0)
#1 C:\Users\DELL\Documents\rosyad\project\joki\agung\bordeesar\system\Database\BaseConnection.php(692): CodeIgniter\Database\MySQLi\Connection->execute('TRUNCATE `siswa...')
#2 C:\Users\DELL\Documents\rosyad\project\joki\agung\bordeesar\system\Database\BaseConnection.php(606): CodeIgniter\Database\BaseConnection->simpleQuery('TRUNCATE `siswa...')
#3 C:\Users\DELL\Documents\rosyad\project\joki\agung\bordeesar\system\Database\BaseBuilder.php(2721): CodeIgniter\Database\BaseConnection->query('TRUNCATE `siswa...', NULL, false)
#4 C:\Users\DELL\Documents\rosyad\project\joki\agung\bordeesar\app\Models\SiswaModel.php(26): CodeIgniter\Database\BaseBuilder->truncate()
#5 C:\Users\DELL\Documents\rosyad\project\joki\agung\bordeesar\app\Controllers\Home.php(376): App\Models\SiswaModel->deleteAll()
#6 C:\Users\DELL\Documents\rosyad\project\joki\agung\bordeesar\system\CodeIgniter.php(915): App\Controllers\Home->clearData()
#7 C:\Users\DELL\Documents\rosyad\project\joki\agung\bordeesar\system\CodeIgniter.php(492): CodeIgniter\CodeIgniter->runController(Object(App\Controllers\Home))
#8 C:\Users\DELL\Documents\rosyad\project\joki\agung\bordeesar\system\CodeIgniter.php(353): CodeIgniter\CodeIgniter->handleRequest(NULL, Object(Config\Cache), false)
#9 C:\Users\DELL\Documents\rosyad\project\joki\agung\bordeesar\public\index.php(79): CodeIgniter\CodeIgniter->run()
#10 C:\Users\DELL\Documents\rosyad\project\joki\agung\bordeesar\system\Commands\Server\rewrite.php(47): require_once('C:\\Users\\DELL\\D...')
#11 {main}
CRITICAL - 2024-01-17 15:32:11 --> Cannot truncate a table referenced in a foreign key constraint (`penerimaan`.`atribut_kriteria`, CONSTRAINT `atribut_kriteria_ibfk_2` FOREIGN KEY (`siswa_id`) REFERENCES `penerimaan`.`siswa` (`id`))
in SYSTEMPATH\Database\BaseConnection.php on line 646.
 1 SYSTEMPATH\Database\BaseBuilder.php(2721): CodeIgniter\Database\BaseConnection->query('TRUNCATE `siswa`', null, false)
 2 APPPATH\Models\SiswaModel.php(26): CodeIgniter\Database\BaseBuilder->truncate()
 3 APPPATH\Controllers\Home.php(376): App\Models\SiswaModel->deleteAll()
 4 SYSTEMPATH\CodeIgniter.php(915): App\Controllers\Home->clearData()
 5 SYSTEMPATH\CodeIgniter.php(492): CodeIgniter\CodeIgniter->runController(Object(App\Controllers\Home))
 6 SYSTEMPATH\CodeIgniter.php(353): CodeIgniter\CodeIgniter->handleRequest(null, Object(Config\Cache), false)
 7 FCPATH\index.php(79): CodeIgniter\CodeIgniter->run()
 8 SYSTEMPATH\Commands\Server\rewrite.php(47): require_once('C:\\Users\\DELL\\Documents\\rosyad\\project\\joki\\agung\\bordeesar\\public\\index.php')
INFO - 2024-01-17 15:32:24 --> Session: Class initialized using 'CodeIgniter\Session\Handlers\FileHandler' driver.
WARNING - 2024-01-17 15:32:24 --> [DEPRECATED] explode(): Passing null to parameter #2 ($string) of type string is deprecated in APPPATH\Views\datasiswa.php on line 201.
 1 APPPATH\Views\datasiswa.php(201): explode(',', null)
 2 SYSTEMPATH\View\View.php(226): include('C:\\Users\\DELL\\Documents\\rosyad\\project\\joki\\agung\\bordeesar\\app\\Views\\datasiswa.php')
 3 SYSTEMPATH\View\View.php(229): CodeIgniter\View\View->CodeIgniter\View\{closure}()
 4 SYSTEMPATH\Common.php(1178): CodeIgniter\View\View->render('datasiswa', [], true)
 5 APPPATH\Controllers\Home.php(98): view('datasiswa', [...])
 6 SYSTEMPATH\CodeIgniter.php(915): App\Controllers\Home->datasiswa()
 7 SYSTEMPATH\CodeIgniter.php(492): CodeIgniter\CodeIgniter->runController(Object(App\Controllers\Home))
 8 SYSTEMPATH\CodeIgniter.php(353): CodeIgniter\CodeIgniter->handleRequest(null, Object(Config\Cache), false)
 9 FCPATH\index.php(79): CodeIgniter\CodeIgniter->run()
10 SYSTEMPATH\Commands\Server\rewrite.php(47): require_once('C:\\Users\\DELL\\Documents\\rosyad\\project\\joki\\agung\\bordeesar\\public\\index.php')
INFO - 2024-01-17 15:32:26 --> Session: Class initialized using 'CodeIgniter\Session\Handlers\FileHandler' driver.
WARNING - 2024-01-17 15:32:26 --> [DEPRECATED] explode(): Passing null to parameter #2 ($string) of type string is deprecated in APPPATH\Views\datasiswa.php on line 201.
 1 APPPATH\Views\datasiswa.php(201): explode(',', null)
 2 SYSTEMPATH\View\View.php(226): include('C:\\Users\\DELL\\Documents\\rosyad\\project\\joki\\agung\\bordeesar\\app\\Views\\datasiswa.php')
 3 SYSTEMPATH\View\View.php(229): CodeIgniter\View\View->CodeIgniter\View\{closure}()
 4 SYSTEMPATH\Common.php(1178): CodeIgniter\View\View->render('datasiswa', [], true)
 5 APPPATH\Controllers\Home.php(98): view('datasiswa', [...])
 6 SYSTEMPATH\CodeIgniter.php(915): App\Controllers\Home->datasiswa()
 7 SYSTEMPATH\CodeIgniter.php(492): CodeIgniter\CodeIgniter->runController(Object(App\Controllers\Home))
 8 SYSTEMPATH\CodeIgniter.php(353): CodeIgniter\CodeIgniter->handleRequest(null, Object(Config\Cache), false)
 9 FCPATH\index.php(79): CodeIgniter\CodeIgniter->run()
10 SYSTEMPATH\Commands\Server\rewrite.php(47): require_once('C:\\Users\\DELL\\Documents\\rosyad\\project\\joki\\agung\\bordeesar\\public\\index.php')
INFO - 2024-01-17 15:32:28 --> Session: Class initialized using 'CodeIgniter\Session\Handlers\FileHandler' driver.
WARNING - 2024-01-17 15:32:28 --> [DEPRECATED] explode(): Passing null to parameter #2 ($string) of type string is deprecated in APPPATH\Views\index.php on line 73.
 1 APPPATH\Views\index.php(73): explode(',', null)
 2 SYSTEMPATH\View\View.php(226): include('C:\\Users\\DELL\\Documents\\rosyad\\project\\joki\\agung\\bordeesar\\app\\Views\\index.php')
 3 SYSTEMPATH\View\View.php(229): CodeIgniter\View\View->CodeIgniter\View\{closure}()
 4 SYSTEMPATH\Common.php(1178): CodeIgniter\View\View->render('index', [], true)
 5 APPPATH\Controllers\Home.php(34): view('index', [...])
 6 SYSTEMPATH\CodeIgniter.php(915): App\Controllers\Home->index()
 7 SYSTEMPATH\CodeIgniter.php(492): CodeIgniter\CodeIgniter->runController(Object(App\Controllers\Home))
 8 SYSTEMPATH\CodeIgniter.php(353): CodeIgniter\CodeIgniter->handleRequest(null, Object(Config\Cache), false)
 9 FCPATH\index.php(79): CodeIgniter\CodeIgniter->run()
INFO - 2024-01-17 15:32:32 --> Session: Class initialized using 'CodeIgniter\Session\Handlers\FileHandler' driver.
INFO - 2024-01-17 15:32:32 --> Session: Class initialized using 'CodeIgniter\Session\Handlers\FileHandler' driver.
INFO - 2024-01-17 15:32:34 --> Session: Class initialized using 'CodeIgniter\Session\Handlers\FileHandler' driver.
INFO - 2024-01-17 15:32:35 --> Session: Class initialized using 'CodeIgniter\Session\Handlers\FileHandler' driver.
INFO - 2024-01-17 15:32:45 --> Session: Class initialized using 'CodeIgniter\Session\Handlers\FileHandler' driver.
INFO - 2024-01-17 15:32:56 --> Session: Class initialized using 'CodeIgniter\Session\Handlers\FileHandler' driver.
INFO - 2024-01-17 15:32:57 --> Session: Class initialized using 'CodeIgniter\Session\Handlers\FileHandler' driver.
INFO - 2024-01-17 15:33:00 --> Session: Class initialized using 'CodeIgniter\Session\Handlers\FileHandler' driver.
INFO - 2024-01-17 15:35:25 --> Session: Class initialized using 'CodeIgniter\Session\Handlers\FileHandler' driver.
INFO - 2024-01-17 15:35:37 --> Session: Class initialized using 'CodeIgniter\Session\Handlers\FileHandler' driver.
INFO - 2024-01-17 15:39:00 --> Session: Class initialized using 'CodeIgniter\Session\Handlers\FileHandler' driver.
INFO - 2024-01-17 15:39:05 --> Session: Class initialized using 'CodeIgniter\Session\Handlers\FileHandler' driver.
INFO - 2024-01-17 15:39:05 --> Session: Class initialized using 'CodeIgniter\Session\Handlers\FileHandler' driver.
INFO - 2024-01-17 15:39:05 --> Session: Class initialized using 'CodeIgniter\Session\Handlers\FileHandler' driver.
INFO - 2024-01-17 15:39:09 --> Session: Class initialized using 'CodeIgniter\Session\Handlers\FileHandler' driver.
INFO - 2024-01-17 15:39:12 --> Session: Class initialized using 'CodeIgniter\Session\Handlers\FileHandler' driver.
CRITICAL - 2024-01-17 15:39:12 --> Call to undefined method App\Models\AtributKriteriaModel::getNilaiAtribut
in SYSTEMPATH\Model.php on line 873.
 1 APPPATH\Controllers\Home.php(272): CodeIgniter\Model->__call('getNilaiAtribut', [...])
 2 SYSTEMPATH\CodeIgniter.php(915): App\Controllers\Home->hitungMOORA()
 3 SYSTEMPATH\CodeIgniter.php(492): CodeIgniter\CodeIgniter->runController(Object(App\Controllers\Home))
 4 SYSTEMPATH\CodeIgniter.php(353): CodeIgniter\CodeIgniter->handleRequest(null, Object(Config\Cache), false)
 5 FCPATH\index.php(79): CodeIgniter\CodeIgniter->run()
 6 SYSTEMPATH\Commands\Server\rewrite.php(47): require_once('C:\\Users\\DELL\\Documents\\rosyad\\project\\joki\\agung\\bordeesar\\public\\index.php')
INFO - 2024-01-17 15:39:25 --> Session: Class initialized using 'CodeIgniter\Session\Handlers\FileHandler' driver.
INFO - 2024-01-17 15:41:34 --> Session: Class initialized using 'CodeIgniter\Session\Handlers\FileHandler' driver.
INFO - 2024-01-17 15:41:36 --> Session: Class initialized using 'CodeIgniter\Session\Handlers\FileHandler' driver.
INFO - 2024-01-17 15:41:37 --> Session: Class initialized using 'CodeIgniter\Session\Handlers\FileHandler' driver.
INFO - 2024-01-17 15:41:49 --> Session: Class initialized using 'CodeIgniter\Session\Handlers\FileHandler' driver.
INFO - 2024-01-17 15:41:52 --> Session: Class initialized using 'CodeIgniter\Session\Handlers\FileHandler' driver.
INFO - 2024-01-17 15:41:52 --> Session: Class initialized using 'CodeIgniter\Session\Handlers\FileHandler' driver.
INFO - 2024-01-17 15:41:56 --> Session: Class initialized using 'CodeIgniter\Session\Handlers\FileHandler' driver.
INFO - 2024-01-17 15:41:56 --> Session: Class initialized using 'CodeIgniter\Session\Handlers\FileHandler' driver.
INFO - 2024-01-17 15:41:56 --> Session: Class initialized using 'CodeIgniter\Session\Handlers\FileHandler' driver.
INFO - 2024-01-17 15:43:07 --> Session: Class initialized using 'CodeIgniter\Session\Handlers\FileHandler' driver.
INFO - 2024-01-17 15:43:10 --> Session: Class initialized using 'CodeIgniter\Session\Handlers\FileHandler' driver.
DEBUG - 2024-01-17 15:43:10 --> Nilai Atribut: 5
DEBUG - 2024-01-17 15:43:10 --> Nilai Atribut: 50
DEBUG - 2024-01-17 15:43:10 --> Nilai Atribut: 25
DEBUG - 2024-01-17 15:43:10 --> Nilai Atribut: 58
DEBUG - 2024-01-17 15:43:10 --> Nilai Atribut: 5
DEBUG - 2024-01-17 15:43:10 --> Nilai Atribut: 50
DEBUG - 2024-01-17 15:43:10 --> Nilai Atribut: 25
DEBUG - 2024-01-17 15:43:10 --> Nilai Atribut: 58
INFO - 2024-01-17 15:43:10 --> Session: Class initialized using 'CodeIgniter\Session\Handlers\FileHandler' driver.
INFO - 2024-01-17 15:43:30 --> Session: Class initialized using 'CodeIgniter\Session\Handlers\FileHandler' driver.
INFO - 2024-01-17 15:43:34 --> Session: Class initialized using 'CodeIgniter\Session\Handlers\FileHandler' driver.
INFO - 2024-01-17 15:43:36 --> Session: Class initialized using 'CodeIgniter\Session\Handlers\FileHandler' driver.
INFO - 2024-01-17 15:43:38 --> Session: Class initialized using 'CodeIgniter\Session\Handlers\FileHandler' driver.
INFO - 2024-01-17 15:43:41 --> Session: Class initialized using 'CodeIgniter\Session\Handlers\FileHandler' driver.
INFO - 2024-01-17 15:43:41 --> Session: Class initialized using 'CodeIgniter\Session\Handlers\FileHandler' driver.
INFO - 2024-01-17 15:43:42 --> Session: Class initialized using 'CodeIgniter\Session\Handlers\FileHandler' driver.
INFO - 2024-01-17 15:44:35 --> Session: Class initialized using 'CodeIgniter\Session\Handlers\FileHandler' driver.
INFO - 2024-01-17 15:44:38 --> Session: Class initialized using 'CodeIgniter\Session\Handlers\FileHandler' driver.
INFO - 2024-01-17 15:44:38 --> Session: Class initialized using 'CodeIgniter\Session\Handlers\FileHandler' driver.
INFO - 2024-01-17 15:46:21 --> Session: Class initialized using 'CodeIgniter\Session\Handlers\FileHandler' driver.
INFO - 2024-01-17 15:46:23 --> Session: Class initialized using 'CodeIgniter\Session\Handlers\FileHandler' driver.
DEBUG - 2024-01-17 15:46:23 --> Nilai Max: Array
(
    [umur] => 5
    [hafalan] => 50
    [calistung] => 25
    [kb] => 58
)

DEBUG - 2024-01-17 15:46:23 --> Nilai Min: Array
(
    [umur] => 5
    [hafalan] => 50
    [calistung] => 25
    [kb] => 58
)

INFO - 2024-01-17 15:46:23 --> Session: Class initialized using 'CodeIgniter\Session\Handlers\FileHandler' driver.
INFO - 2024-01-17 15:48:31 --> Session: Class initialized using 'CodeIgniter\Session\Handlers\FileHandler' driver.
INFO - 2024-01-17 15:48:31 --> Session: Class initialized using 'CodeIgniter\Session\Handlers\FileHandler' driver.
INFO - 2024-01-17 15:48:31 --> Session: Class initialized using 'CodeIgniter\Session\Handlers\FileHandler' driver.
INFO - 2024-01-17 15:48:34 --> Session: Class initialized using 'CodeIgniter\Session\Handlers\FileHandler' driver.
INFO - 2024-01-17 15:48:37 --> Session: Class initialized using 'CodeIgniter\Session\Handlers\FileHandler' driver.
INFO - 2024-01-17 15:48:47 --> Session: Class initialized using 'CodeIgniter\Session\Handlers\FileHandler' driver.
INFO - 2024-01-17 15:48:47 --> Session: Class initialized using 'CodeIgniter\Session\Handlers\FileHandler' driver.
INFO - 2024-01-17 15:48:52 --> Session: Class initialized using 'CodeIgniter\Session\Handlers\FileHandler' driver.
INFO - 2024-01-17 15:48:54 --> Session: Class initialized using 'CodeIgniter\Session\Handlers\FileHandler' driver.
DEBUG - 2024-01-17 15:48:54 --> Nilai Max: Array
(
    [umur] => 8
    [hafalan] => 50
    [calistung] => 56
    [kb] => 332
)

DEBUG - 2024-01-17 15:48:54 --> Nilai Min: Array
(
    [umur] => 5
    [hafalan] => 4
    [calistung] => 25
    [kb] => 58
)

INFO - 2024-01-17 15:48:54 --> Session: Class initialized using 'CodeIgniter\Session\Handlers\FileHandler' driver.
INFO - 2024-01-17 15:49:49 --> Session: Class initialized using 'CodeIgniter\Session\Handlers\FileHandler' driver.
INFO - 2024-01-17 15:50:18 --> Session: Class initialized using 'CodeIgniter\Session\Handlers\FileHandler' driver.
INFO - 2024-01-17 15:50:28 --> Session: Class initialized using 'CodeIgniter\Session\Handlers\FileHandler' driver.
INFO - 2024-01-17 15:50:30 --> Session: Class initialized using 'CodeIgniter\Session\Handlers\FileHandler' driver.
INFO - 2024-01-17 15:50:32 --> Session: Class initialized using 'CodeIgniter\Session\Handlers\FileHandler' driver.
INFO - 2024-01-17 15:50:48 --> Session: Class initialized using 'CodeIgniter\Session\Handlers\FileHandler' driver.
INFO - 2024-01-17 15:50:48 --> Session: Class initialized using 'CodeIgniter\Session\Handlers\FileHandler' driver.
INFO - 2024-01-17 15:50:52 --> Session: Class initialized using 'CodeIgniter\Session\Handlers\FileHandler' driver.
INFO - 2024-01-17 15:50:56 --> Session: Class initialized using 'CodeIgniter\Session\Handlers\FileHandler' driver.
INFO - 2024-01-17 15:50:58 --> Session: Class initialized using 'CodeIgniter\Session\Handlers\FileHandler' driver.
INFO - 2024-01-17 15:50:59 --> Session: Class initialized using 'CodeIgniter\Session\Handlers\FileHandler' driver.
INFO - 2024-01-17 15:51:01 --> Session: Class initialized using 'CodeIgniter\Session\Handlers\FileHandler' driver.
INFO - 2024-01-17 15:51:02 --> Session: Class initialized using 'CodeIgniter\Session\Handlers\FileHandler' driver.
INFO - 2024-01-17 15:51:06 --> Session: Class initialized using 'CodeIgniter\Session\Handlers\FileHandler' driver.
ERROR - 2024-01-17 15:51:06 --> mysqli_sql_exception: Cannot truncate a table referenced in a foreign key constraint (`penerimaan`.`atribut_kriteria`, CONSTRAINT `atribut_kriteria_ibfk_2` FOREIGN KEY (`siswa_id`) REFERENCES `penerimaan`.`siswa` (`id`)) in C:\Users\DELL\Documents\rosyad\project\joki\agung\bordeesar\system\Database\MySQLi\Connection.php:306
Stack trace:
#0 C:\Users\DELL\Documents\rosyad\project\joki\agung\bordeesar\system\Database\MySQLi\Connection.php(306): mysqli->query('TRUNCATE `siswa...', 0)
#1 C:\Users\DELL\Documents\rosyad\project\joki\agung\bordeesar\system\Database\BaseConnection.php(692): CodeIgniter\Database\MySQLi\Connection->execute('TRUNCATE `siswa...')
#2 C:\Users\DELL\Documents\rosyad\project\joki\agung\bordeesar\system\Database\BaseConnection.php(606): CodeIgniter\Database\BaseConnection->simpleQuery('TRUNCATE `siswa...')
#3 C:\Users\DELL\Documents\rosyad\project\joki\agung\bordeesar\system\Database\BaseBuilder.php(2721): CodeIgniter\Database\BaseConnection->query('TRUNCATE `siswa...', NULL, false)
#4 C:\Users\DELL\Documents\rosyad\project\joki\agung\bordeesar\app\Models\SiswaModel.php(26): CodeIgniter\Database\BaseBuilder->truncate()
#5 C:\Users\DELL\Documents\rosyad\project\joki\agung\bordeesar\app\Controllers\Home.php(380): App\Models\SiswaModel->deleteAll()
#6 C:\Users\DELL\Documents\rosyad\project\joki\agung\bordeesar\system\CodeIgniter.php(915): App\Controllers\Home->clearData()
#7 C:\Users\DELL\Documents\rosyad\project\joki\agung\bordeesar\system\CodeIgniter.php(492): CodeIgniter\CodeIgniter->runController(Object(App\Controllers\Home))
#8 C:\Users\DELL\Documents\rosyad\project\joki\agung\bordeesar\system\CodeIgniter.php(353): CodeIgniter\CodeIgniter->handleRequest(NULL, Object(Config\Cache), false)
#9 C:\Users\DELL\Documents\rosyad\project\joki\agung\bordeesar\public\index.php(79): CodeIgniter\CodeIgniter->run()
#10 C:\Users\DELL\Documents\rosyad\project\joki\agung\bordeesar\system\Commands\Server\rewrite.php(47): require_once('C:\\Users\\DELL\\D...')
#11 {main}
CRITICAL - 2024-01-17 15:51:06 --> Cannot truncate a table referenced in a foreign key constraint (`penerimaan`.`atribut_kriteria`, CONSTRAINT `atribut_kriteria_ibfk_2` FOREIGN KEY (`siswa_id`) REFERENCES `penerimaan`.`siswa` (`id`))
in SYSTEMPATH\Database\BaseConnection.php on line 646.
 1 SYSTEMPATH\Database\BaseBuilder.php(2721): CodeIgniter\Database\BaseConnection->query('TRUNCATE `siswa`', null, false)
 2 APPPATH\Models\SiswaModel.php(26): CodeIgniter\Database\BaseBuilder->truncate()
 3 APPPATH\Controllers\Home.php(380): App\Models\SiswaModel->deleteAll()
 4 SYSTEMPATH\CodeIgniter.php(915): App\Controllers\Home->clearData()
 5 SYSTEMPATH\CodeIgniter.php(492): CodeIgniter\CodeIgniter->runController(Object(App\Controllers\Home))
 6 SYSTEMPATH\CodeIgniter.php(353): CodeIgniter\CodeIgniter->handleRequest(null, Object(Config\Cache), false)
 7 FCPATH\index.php(79): CodeIgniter\CodeIgniter->run()
 8 SYSTEMPATH\Commands\Server\rewrite.php(47): require_once('C:\\Users\\DELL\\Documents\\rosyad\\project\\joki\\agung\\bordeesar\\public\\index.php')
INFO - 2024-01-17 15:51:08 --> Session: Class initialized using 'CodeIgniter\Session\Handlers\FileHandler' driver.
WARNING - 2024-01-17 15:51:08 --> [DEPRECATED] explode(): Passing null to parameter #2 ($string) of type string is deprecated in APPPATH\Views\datasiswa.php on line 201.
 1 APPPATH\Views\datasiswa.php(201): explode(',', null)
 2 SYSTEMPATH\View\View.php(226): include('C:\\Users\\DELL\\Documents\\rosyad\\project\\joki\\agung\\bordeesar\\app\\Views\\datasiswa.php')
 3 SYSTEMPATH\View\View.php(229): CodeIgniter\View\View->CodeIgniter\View\{closure}()
 4 SYSTEMPATH\Common.php(1178): CodeIgniter\View\View->render('datasiswa', [], true)
 5 APPPATH\Controllers\Home.php(98): view('datasiswa', [...])
 6 SYSTEMPATH\CodeIgniter.php(915): App\Controllers\Home->datasiswa()
 7 SYSTEMPATH\CodeIgniter.php(492): CodeIgniter\CodeIgniter->runController(Object(App\Controllers\Home))
 8 SYSTEMPATH\CodeIgniter.php(353): CodeIgniter\CodeIgniter->handleRequest(null, Object(Config\Cache), false)
 9 FCPATH\index.php(79): CodeIgniter\CodeIgniter->run()
10 SYSTEMPATH\Commands\Server\rewrite.php(47): require_once('C:\\Users\\DELL\\Documents\\rosyad\\project\\joki\\agung\\bordeesar\\public\\index.php')
WARNING - 2024-01-17 15:51:08 --> [DEPRECATED] explode(): Passing null to parameter #2 ($string) of type string is deprecated in APPPATH\Views\datasiswa.php on line 201.
 1 APPPATH\Views\datasiswa.php(201): explode(',', null)
 2 SYSTEMPATH\View\View.php(226): include('C:\\Users\\DELL\\Documents\\rosyad\\project\\joki\\agung\\bordeesar\\app\\Views\\datasiswa.php')
 3 SYSTEMPATH\View\View.php(229): CodeIgniter\View\View->CodeIgniter\View\{closure}()
 4 SYSTEMPATH\Common.php(1178): CodeIgniter\View\View->render('datasiswa', [], true)
 5 APPPATH\Controllers\Home.php(98): view('datasiswa', [...])
 6 SYSTEMPATH\CodeIgniter.php(915): App\Controllers\Home->datasiswa()
 7 SYSTEMPATH\CodeIgniter.php(492): CodeIgniter\CodeIgniter->runController(Object(App\Controllers\Home))
 8 SYSTEMPATH\CodeIgniter.php(353): CodeIgniter\CodeIgniter->handleRequest(null, Object(Config\Cache), false)
 9 FCPATH\index.php(79): CodeIgniter\CodeIgniter->run()
10 SYSTEMPATH\Commands\Server\rewrite.php(47): require_once('C:\\Users\\DELL\\Documents\\rosyad\\project\\joki\\agung\\bordeesar\\public\\index.php')
INFO - 2024-01-17 15:51:11 --> Session: Class initialized using 'CodeIgniter\Session\Handlers\FileHandler' driver.
WARNING - 2024-01-17 15:51:11 --> [DEPRECATED] explode(): Passing null to parameter #2 ($string) of type string is deprecated in APPPATH\Views\index.php on line 73.
 1 APPPATH\Views\index.php(73): explode(',', null)
 2 SYSTEMPATH\View\View.php(226): include('C:\\Users\\DELL\\Documents\\rosyad\\project\\joki\\agung\\bordeesar\\app\\Views\\index.php')
 3 SYSTEMPATH\View\View.php(229): CodeIgniter\View\View->CodeIgniter\View\{closure}()
 4 SYSTEMPATH\Common.php(1178): CodeIgniter\View\View->render('index', [], true)
 5 APPPATH\Controllers\Home.php(34): view('index', [...])
 6 SYSTEMPATH\CodeIgniter.php(915): App\Controllers\Home->index()
 7 SYSTEMPATH\CodeIgniter.php(492): CodeIgniter\CodeIgniter->runController(Object(App\Controllers\Home))
 8 SYSTEMPATH\CodeIgniter.php(353): CodeIgniter\CodeIgniter->handleRequest(null, Object(Config\Cache), false)
 9 FCPATH\index.php(79): CodeIgniter\CodeIgniter->run()
WARNING - 2024-01-17 15:51:11 --> [DEPRECATED] explode(): Passing null to parameter #2 ($string) of type string is deprecated in APPPATH\Views\index.php on line 73.
 1 APPPATH\Views\index.php(73): explode(',', null)
 2 SYSTEMPATH\View\View.php(226): include('C:\\Users\\DELL\\Documents\\rosyad\\project\\joki\\agung\\bordeesar\\app\\Views\\index.php')
 3 SYSTEMPATH\View\View.php(229): CodeIgniter\View\View->CodeIgniter\View\{closure}()
 4 SYSTEMPATH\Common.php(1178): CodeIgniter\View\View->render('index', [], true)
 5 APPPATH\Controllers\Home.php(34): view('index', [...])
 6 SYSTEMPATH\CodeIgniter.php(915): App\Controllers\Home->index()
 7 SYSTEMPATH\CodeIgniter.php(492): CodeIgniter\CodeIgniter->runController(Object(App\Controllers\Home))
 8 SYSTEMPATH\CodeIgniter.php(353): CodeIgniter\CodeIgniter->handleRequest(null, Object(Config\Cache), false)
 9 FCPATH\index.php(79): CodeIgniter\CodeIgniter->run()
INFO - 2024-01-17 15:51:13 --> Session: Class initialized using 'CodeIgniter\Session\Handlers\FileHandler' driver.
INFO - 2024-01-17 15:51:13 --> Session: Class initialized using 'CodeIgniter\Session\Handlers\FileHandler' driver.
WARNING - 2024-01-17 15:51:13 --> [DEPRECATED] explode(): Passing null to parameter #2 ($string) of type string is deprecated in APPPATH\Views\index.php on line 73.
 1 APPPATH\Views\index.php(73): explode(',', null)
 2 SYSTEMPATH\View\View.php(226): include('C:\\Users\\DELL\\Documents\\rosyad\\project\\joki\\agung\\bordeesar\\app\\Views\\index.php')
 3 SYSTEMPATH\View\View.php(229): CodeIgniter\View\View->CodeIgniter\View\{closure}()
 4 SYSTEMPATH\Common.php(1178): CodeIgniter\View\View->render('index', [], true)
 5 APPPATH\Controllers\Home.php(34): view('index', [...])
 6 SYSTEMPATH\CodeIgniter.php(915): App\Controllers\Home->index()
 7 SYSTEMPATH\CodeIgniter.php(492): CodeIgniter\CodeIgniter->runController(Object(App\Controllers\Home))
 8 SYSTEMPATH\CodeIgniter.php(353): CodeIgniter\CodeIgniter->handleRequest(null, Object(Config\Cache), false)
 9 FCPATH\index.php(79): CodeIgniter\CodeIgniter->run()
INFO - 2024-01-17 15:51:14 --> Session: Class initialized using 'CodeIgniter\Session\Handlers\FileHandler' driver.
INFO - 2024-01-17 15:51:14 --> Session: Class initialized using 'CodeIgniter\Session\Handlers\FileHandler' driver.
INFO - 2024-01-17 15:51:16 --> Session: Class initialized using 'CodeIgniter\Session\Handlers\FileHandler' driver.
INFO - 2024-01-17 15:51:18 --> Session: Class initialized using 'CodeIgniter\Session\Handlers\FileHandler' driver.
INFO - 2024-01-17 15:51:29 --> Session: Class initialized using 'CodeIgniter\Session\Handlers\FileHandler' driver.
INFO - 2024-01-17 15:51:29 --> Session: Class initialized using 'CodeIgniter\Session\Handlers\FileHandler' driver.
INFO - 2024-01-17 15:51:32 --> Session: Class initialized using 'CodeIgniter\Session\Handlers\FileHandler' driver.
INFO - 2024-01-17 15:51:34 --> Session: Class initialized using 'CodeIgniter\Session\Handlers\FileHandler' driver.
INFO - 2024-01-17 15:51:37 --> Session: Class initialized using 'CodeIgniter\Session\Handlers\FileHandler' driver.
INFO - 2024-01-17 15:51:51 --> Session: Class initialized using 'CodeIgniter\Session\Handlers\FileHandler' driver.
INFO - 2024-01-17 15:51:51 --> Session: Class initialized using 'CodeIgniter\Session\Handlers\FileHandler' driver.
INFO - 2024-01-17 15:51:54 --> Session: Class initialized using 'CodeIgniter\Session\Handlers\FileHandler' driver.
INFO - 2024-01-17 15:52:06 --> Session: Class initialized using 'CodeIgniter\Session\Handlers\FileHandler' driver.
INFO - 2024-01-17 15:52:07 --> Session: Class initialized using 'CodeIgniter\Session\Handlers\FileHandler' driver.
INFO - 2024-01-17 15:52:11 --> Session: Class initialized using 'CodeIgniter\Session\Handlers\FileHandler' driver.
INFO - 2024-01-17 15:52:33 --> Session: Class initialized using 'CodeIgniter\Session\Handlers\FileHandler' driver.
INFO - 2024-01-17 15:52:35 --> Session: Class initialized using 'CodeIgniter\Session\Handlers\FileHandler' driver.
INFO - 2024-01-17 15:52:35 --> Session: Class initialized using 'CodeIgniter\Session\Handlers\FileHandler' driver.
INFO - 2024-01-17 15:52:45 --> Session: Class initialized using 'CodeIgniter\Session\Handlers\FileHandler' driver.
INFO - 2024-01-17 15:52:45 --> Session: Class initialized using 'CodeIgniter\Session\Handlers\FileHandler' driver.
INFO - 2024-01-17 15:52:45 --> Session: Class initialized using 'CodeIgniter\Session\Handlers\FileHandler' driver.
INFO - 2024-01-17 15:52:47 --> Session: Class initialized using 'CodeIgniter\Session\Handlers\FileHandler' driver.
INFO - 2024-01-17 15:52:49 --> Session: Class initialized using 'CodeIgniter\Session\Handlers\FileHandler' driver.
